<?xml version="1.0" encoding="UTF-8"?>
<!-- Generated by org.testng.reporters.JUnitXMLReporter -->
<testsuite ignored="0" hostname="DESKTOP-C28O1GT" failures="0" tests="3" name="Test" time="97.182" errors="0" timestamp="11 Jan 2024 01:46:12 GMT">
  <testcase classname="com.tutorialsninja.qa.TestCases.NavigateToHomePage" name="navigateToHomePage" time="7.351"/>
  <testcase classname="com.tutorialsninja.qa.TestCases.CheckOutTest" name="checkOutOfThePtoduct" time="42.183"/>
  <testcase classname="com.tutorialsninja.qa.TestCases.RegisterTest" name="verifyRegisterWithMandatoryFields" time="2.238"/>
</testsuite> <!-- Test -->
