<?xml version="1.0" encoding="UTF-8"?>
<testng-results ignored="0" total="3" passed="3" failed="0" skipped="0">
  <reporter-output>
  </reporter-output>
  <suite started-at="2024-01-11T01:44:34Z" name="Suite" finished-at="2024-01-11T01:46:12Z" duration-ms="97182">
    <groups>
    </groups>
    <test started-at="2024-01-11T01:44:34Z" name="Test" finished-at="2024-01-11T01:46:12Z" duration-ms="97182">
      <class name="com.tutorialsninja.qa.TestCases.CheckOutTest">
        <test-method is-config="true" signature="setup()[pri:0, instance:com.tutorialsninja.qa.TestCases.CheckOutTest@161479c6]" started-at="2024-01-10T17:44:52Z" name="setup" finished-at="2024-01-10T17:45:11Z" duration-ms="18843" status="PASS">
          <reporter-output>
          </reporter-output>
        </test-method> <!-- setup -->
        <test-method signature="checkOutOfThePtoduct()[pri:0, instance:com.tutorialsninja.qa.TestCases.CheckOutTest@161479c6]" started-at="2024-01-10T17:45:11Z" name="checkOutOfThePtoduct" finished-at="2024-01-10T17:45:53Z" duration-ms="42183" status="PASS">
          <reporter-output>
          </reporter-output>
        </test-method> <!-- checkOutOfThePtoduct -->
        <test-method is-config="true" signature="tearDown()[pri:0, instance:com.tutorialsninja.qa.TestCases.CheckOutTest@161479c6]" started-at="2024-01-10T17:45:53Z" name="tearDown" finished-at="2024-01-10T17:45:53Z" duration-ms="287" status="PASS">
          <reporter-output>
          </reporter-output>
        </test-method> <!-- tearDown -->
      </class> <!-- com.tutorialsninja.qa.TestCases.CheckOutTest -->
      <class name="com.tutorialsninja.qa.TestCases.NavigateToHomePage">
        <test-method is-config="true" signature="setup()[pri:0, instance:com.tutorialsninja.qa.TestCases.NavigateToHomePage@75329a49]" started-at="2024-01-10T17:44:34Z" name="setup" finished-at="2024-01-10T17:44:44Z" duration-ms="9593" status="PASS">
          <reporter-output>
          </reporter-output>
        </test-method> <!-- setup -->
        <test-method signature="navigateToHomePage()[pri:0, instance:com.tutorialsninja.qa.TestCases.NavigateToHomePage@75329a49]" started-at="2024-01-10T17:44:44Z" name="navigateToHomePage" finished-at="2024-01-10T17:44:51Z" duration-ms="7351" status="PASS">
          <reporter-output>
          </reporter-output>
        </test-method> <!-- navigateToHomePage -->
        <test-method is-config="true" signature="tearDown()[pri:0, instance:com.tutorialsninja.qa.TestCases.NavigateToHomePage@75329a49]" started-at="2024-01-10T17:44:51Z" name="tearDown" finished-at="2024-01-10T17:44:52Z" duration-ms="308" status="PASS">
          <reporter-output>
          </reporter-output>
        </test-method> <!-- tearDown -->
      </class> <!-- com.tutorialsninja.qa.TestCases.NavigateToHomePage -->
      <class name="com.tutorialsninja.qa.TestCases.RegisterTest">
        <test-method is-config="true" signature="setup()[pri:0, instance:com.tutorialsninja.qa.TestCases.RegisterTest@4313f5bc]" started-at="2024-01-10T17:45:53Z" name="setup" finished-at="2024-01-10T17:46:09Z" duration-ms="16095" status="PASS">
          <reporter-output>
          </reporter-output>
        </test-method> <!-- setup -->
        <test-method signature="verifyRegisterWithMandatoryFields()[pri:1, instance:com.tutorialsninja.qa.TestCases.RegisterTest@4313f5bc]" started-at="2024-01-10T17:46:09Z" name="verifyRegisterWithMandatoryFields" finished-at="2024-01-10T17:46:11Z" duration-ms="2238" status="PASS">
          <reporter-output>
          </reporter-output>
        </test-method> <!-- verifyRegisterWithMandatoryFields -->
        <test-method is-config="true" signature="tearDown()[pri:0, instance:com.tutorialsninja.qa.TestCases.RegisterTest@4313f5bc]" started-at="2024-01-10T17:46:11Z" name="tearDown" finished-at="2024-01-10T17:46:12Z" duration-ms="245" status="PASS">
          <reporter-output>
          </reporter-output>
        </test-method> <!-- tearDown -->
      </class> <!-- com.tutorialsninja.qa.TestCases.RegisterTest -->
    </test> <!-- Test -->
  </suite> <!-- Suite -->
</testng-results>
